2026-01-28 15:01:47,588 [INFO] Activator:176 - 


2026-01-28 15:01:47,589 [INFO] Activator:177 - !SESSION log4j initialized
2026-01-28 15:01:50,467 [INFO] LogOutputStream:77 - [STDOUT_REDIRECT] 
2026-01-28 15:01:52,367 [INFO] ApplicationProperties:184 - Using Application install path: D:\Mechatronics\STM32CubeIDE\STM32CubeIDE_1.18.0\STM32CubeIDE\plugins\com.st.stm32cube.common.mx_6.14.1.202504091515
2026-01-28 15:01:52,382 [INFO] DbMcusXml:78 - Set database path to: D:\Mechatronics\STM32CubeIDE\STM32CubeIDE_1.18.0\STM32CubeIDE\plugins\com.st.stm32cube.common.mx_6.14.1.202504091515\\db\/mcu/
2026-01-28 15:01:52,382 [INFO] ApiDb:274 - Set plugin database path to: D:\Mechatronics\STM32CubeIDE\STM32CubeIDE_1.18.0\STM32CubeIDE\plugins\com.st.stm32cube.common.mx_6.14.1.202504091515\\db\/plugins/boardmanager/
2026-01-28 15:01:52,383 [WARN] ApiDb:259 - Overriding images path with different value:  => D:\Mechatronics\STM32CubeIDE\STM32CubeIDE_1.18.0\STM32CubeIDE\plugins\com.st.stm32cube.common.mx_6.14.1.202504091515\\db\/plugins/mcufinder/images/
2026-01-28 15:01:52,390 [INFO] ApiDb:250 - Set database path to: C:\Users\ADMIN\.stmcufinder\plugins\mcufinder//mcu/
2026-01-28 15:01:52,391 [INFO] DbMcusAds:125 - Set database path to: C:\Users\ADMIN\.stmcufinder\plugins\mcufinder//mcu/
2026-01-28 15:01:52,393 [INFO] CrossReferenceDbSqlite:203 - Set database path to: C:\Users\ADMIN\.stmcufinder\plugins\mcufinder//mcu/cs/
2026-01-28 15:01:52,483 [INFO] RulesReader:64 - Compatibility file has been processed (302 Rules)
2026-01-28 15:01:52,567 [INFO] DbMcusXml:78 - Set database path to: D:\Mechatronics\STM32CubeIDE\STM32CubeIDE_1.18.0\STM32CubeIDE\plugins\com.st.stm32cube.common.mx_6.14.1.202504091515\\db\/mcu/
2026-01-28 15:01:52,567 [INFO] ApiDb:274 - Set plugin database path to: D:\Mechatronics\STM32CubeIDE\STM32CubeIDE_1.18.0\STM32CubeIDE\plugins\com.st.stm32cube.common.mx_6.14.1.202504091515\\db\/plugins/boardmanager/
2026-01-28 15:01:52,567 [INFO] ApiDb:261 - Set plugin images path to: D:\Mechatronics\STM32CubeIDE\STM32CubeIDE_1.18.0\STM32CubeIDE\plugins\com.st.stm32cube.common.mx_6.14.1.202504091515\\db\/plugins/mcufinder/images/
2026-01-28 15:01:52,567 [WARN] DbFile:41 - Overriding database path with different value: C:\Users\ADMIN\.stmcufinder\plugins\mcufinder/ => C:\Users\ADMIN\.stmcufinder\plugins\mcufinder
2026-01-28 15:01:52,567 [INFO] ApiDb:250 - Set database path to: C:\Users\ADMIN\.stmcufinder\plugins\mcufinder//mcu/
2026-01-28 15:01:52,567 [WARN] DbFile:41 - Overriding database path with different value: C:\Users\ADMIN\.stmcufinder\plugins\mcufinder/ => C:\Users\ADMIN\.stmcufinder\plugins\mcufinder
2026-01-28 15:01:52,567 [INFO] DbMcusAds:125 - Set database path to: C:\Users\ADMIN\.stmcufinder\plugins\mcufinder//mcu/
2026-01-28 15:01:52,567 [WARN] DbFile:41 - Overriding database path with different value: C:\Users\ADMIN\.stmcufinder\plugins\mcufinder/ => C:\Users\ADMIN\.stmcufinder\plugins\mcufinder
2026-01-28 15:01:52,567 [WARN] DbFile:41 - Overriding database path with different value: C:\Users\ADMIN\.stmcufinder\plugins\mcufinder/ => C:\Users\ADMIN\.stmcufinder\plugins\mcufinder
2026-01-28 15:01:52,568 [INFO] CrossReferenceDbSqlite:203 - Set database path to: C:\Users\ADMIN\.stmcufinder\plugins\mcufinder//mcu/cs/
2026-01-28 15:01:52,633 [INFO] MainPanel:272 - HeapMemory: 268435456
2026-01-28 15:01:52,758 [INFO] DbMcusXml:78 - Set database path to: D:\Mechatronics\STM32CubeIDE\STM32CubeIDE_1.18.0\STM32CubeIDE\plugins\com.st.stm32cube.common.mx_6.14.1.202504091515\\db\/mcu/
2026-01-28 15:01:52,758 [INFO] ApiDb:274 - Set plugin database path to: D:\Mechatronics\STM32CubeIDE\STM32CubeIDE_1.18.0\STM32CubeIDE\plugins\com.st.stm32cube.common.mx_6.14.1.202504091515\\db\/plugins/boardmanager/
2026-01-28 15:01:52,758 [INFO] ApiDb:261 - Set plugin images path to: D:\Mechatronics\STM32CubeIDE\STM32CubeIDE_1.18.0\STM32CubeIDE\plugins\com.st.stm32cube.common.mx_6.14.1.202504091515\\db\/plugins/mcufinder/images/
2026-01-28 15:01:52,759 [WARN] DbFile:41 - Overriding database path with different value: C:\Users\ADMIN\.stmcufinder\plugins\mcufinder/ => C:\Users\ADMIN\.stmcufinder\plugins\mcufinder
2026-01-28 15:01:52,759 [INFO] ApiDb:250 - Set database path to: C:\Users\ADMIN\.stmcufinder\plugins\mcufinder//mcu/
2026-01-28 15:01:52,759 [WARN] DbFile:41 - Overriding database path with different value: C:\Users\ADMIN\.stmcufinder\plugins\mcufinder/ => C:\Users\ADMIN\.stmcufinder\plugins\mcufinder
2026-01-28 15:01:52,759 [INFO] DbMcusAds:125 - Set database path to: C:\Users\ADMIN\.stmcufinder\plugins\mcufinder//mcu/
2026-01-28 15:01:52,759 [WARN] DbFile:41 - Overriding database path with different value: C:\Users\ADMIN\.stmcufinder\plugins\mcufinder/ => C:\Users\ADMIN\.stmcufinder\plugins\mcufinder
2026-01-28 15:01:52,759 [WARN] DbFile:41 - Overriding database path with different value: C:\Users\ADMIN\.stmcufinder\plugins\mcufinder/ => C:\Users\ADMIN\.stmcufinder\plugins\mcufinder
2026-01-28 15:01:52,759 [INFO] CrossReferenceDbSqlite:203 - Set database path to: C:\Users\ADMIN\.stmcufinder\plugins\mcufinder//mcu/cs/
2026-01-28 15:01:52,779 [INFO] ApplicationProperties:184 - Using Application install path: D:\Mechatronics\STM32CubeIDE\STM32CubeIDE_1.18.0\STM32CubeIDE\plugins\com.st.stm32cube.common.mx_6.14.1.202504091515
2026-01-28 15:01:52,780 [INFO] PluginManage:196 - Search for loadable plugins [exclusion list=, ]
2026-01-28 15:01:52,782 [INFO] PluginManage:310 - Check plugin analytics
2026-01-28 15:01:52,946 [INFO] AnalyticsPlugin:253 - Accepted Software Licenses: STM32CubeMX.6.11.0,STM32CubeMX.6.11.1,STM32CubeMX.6.12.1
2026-01-28 15:01:52,946 [INFO] AnalyticsPlugin:255 - Accepted CMSIS Pack Licenses: 
2026-01-28 15:01:52,946 [INFO] AnalyticsPlugin:257 - Accepted Firmware Licenses: FW.H7.1.11.0,FW.F4.1.28.0
2026-01-28 15:01:52,949 [INFO] PluginManage:359 - Loaded plugin analytics (category:tool,tabindex:-1)
2026-01-28 15:01:52,949 [INFO] PluginManage:310 - Check plugin cadmodel
2026-01-28 15:01:52,953 [INFO] CADModel:105 - Init CAD model plugin
2026-01-28 15:01:52,953 [INFO] PluginManage:359 - Loaded plugin cadmodel (category:power,tabindex:5)
2026-01-28 15:01:52,954 [INFO] PluginManage:310 - Check plugin clock
2026-01-28 15:01:52,963 [INFO] PluginManage:359 - Loaded plugin clock (category:base,tabindex:2)
2026-01-28 15:01:52,963 [INFO] PluginManage:310 - Check plugin ddr
2026-01-28 15:01:52,965 [INFO] PluginManage:359 - Loaded plugin ddr (category:tool,tabindex:6)
2026-01-28 15:01:52,965 [INFO] PluginManage:310 - Check plugin filemanager
2026-01-28 15:01:53,142 [INFO] PluginManage:359 - Loaded plugin filemanager (category:base,tabindex:10)
2026-01-28 15:01:53,142 [INFO] PluginManage:310 - Check plugin ipmanager
2026-01-28 15:01:53,150 [INFO] PluginManage:359 - Loaded plugin ipmanager (category:base,tabindex:5)
2026-01-28 15:01:53,150 [INFO] PluginManage:310 - Check plugin lpbam
2026-01-28 15:01:53,158 [INFO] PluginManage:359 - Loaded plugin lpbam (category:base,tabindex:0)
2026-01-28 15:01:53,159 [INFO] PluginManage:310 - Check plugin memorymap
2026-01-28 15:01:53,170 [INFO] PluginManage:359 - Loaded plugin memorymap (category:base,tabindex:4)
2026-01-28 15:01:53,171 [INFO] PluginManage:310 - Check plugin pinoutandconfiguration
2026-01-28 15:01:53,178 [INFO] PluginManage:359 - Loaded plugin pinoutandconfiguration (category:base,tabindex:1)
2026-01-28 15:01:53,178 [INFO] PluginManage:310 - Check plugin pinoutconfig
2026-01-28 15:01:53,251 [WARN] SupportedApi:132 - Cannot load RTOS API schema: s4s-elt-must-match.1: The content of 'definitions' must match (annotation?, (simpleType | complexType)?, (unique | key | keyref)*)). A problem was found starting at: attribute.
2026-01-28 15:01:53,367 [INFO] PluginManage:359 - Loaded plugin pinoutconfig (category:base,tabindex:0)
2026-01-28 15:01:53,367 [INFO] PluginManage:310 - Check plugin power
2026-01-28 15:01:53,375 [INFO] PluginManage:359 - Loaded plugin power (category:power,tabindex:4)
2026-01-28 15:01:53,375 [INFO] PluginManage:310 - Check plugin projectmanager
2026-01-28 15:01:53,388 [INFO] PluginManage:359 - Loaded plugin projectmanager (category:projectmanager,tabindex:4)
2026-01-28 15:01:53,389 [INFO] PluginManage:310 - Check plugin rif
2026-01-28 15:01:53,396 [INFO] PluginManage:359 - Loaded plugin rif (category:base,tabindex:3)
2026-01-28 15:01:53,396 [INFO] PluginManage:310 - Check plugin thirdparty
2026-01-28 15:01:53,519 [INFO] PluginManage:359 - Loaded plugin thirdparty (category:base,tabindex:-1)
2026-01-28 15:01:53,519 [INFO] PluginManage:310 - Check plugin tools
2026-01-28 15:01:53,519 [WARN] IntegrityCheckThread:84 - waiting for thirdparty lock release [integrity check]
2026-01-28 15:01:53,519 [INFO] IntegrityCheckThread:86 - entering critical section [integrity check]
2026-01-28 15:01:53,520 [INFO] ThirdPartyUpdaterWithRetryManager:70 - Updater plugin not ready yet. [1/15]
2026-01-28 15:01:53,523 [INFO] PluginManage:359 - Loaded plugin tools (category:base,tabindex:7)
2026-01-28 15:01:53,523 [INFO] PluginManage:310 - Check plugin tutovideos
2026-01-28 15:01:53,678 [INFO] PluginManage:359 - Loaded plugin tutovideos (category:base,tabindex:-1)
2026-01-28 15:01:53,679 [INFO] PluginManage:310 - Check plugin updater
2026-01-28 15:01:53,698 [INFO] PluginManage:359 - Loaded plugin updater (category:base,tabindex:12)
2026-01-28 15:01:53,698 [INFO] PluginManage:310 - Check plugin userauth
2026-01-28 15:01:53,702 [INFO] UserAuth:118 - Init User Auth plugin
2026-01-28 15:01:53,703 [INFO] PluginManage:359 - Loaded plugin userauth (category:base,tabindex:14)
2026-01-28 15:01:53,703 [INFO] PluginManage:283 - PluginManage : Loaded plugins [18]
2026-01-28 15:01:53,883 [INFO] PinOutPanel:1589 - setPackage(No Configuration,No Configuration)
2026-01-28 15:01:53,955 [INFO] CADModel:165 - CPN selected for project level
2026-01-28 15:01:53,955 [INFO] CADModel:114 - Register for checkConnection events
2026-01-28 15:01:53,973 [INFO] IPUIPlugin:80 - create IPUIPlugin
2026-01-28 15:01:53,973 [INFO] PluginManager:220 - loadIPPluginJar : add adc
2026-01-28 15:01:53,976 [INFO] IPUIPlugin:80 - create IPUIPlugin
2026-01-28 15:01:53,976 [INFO] PluginManager:220 - loadIPPluginJar : add aes
2026-01-28 15:01:53,978 [INFO] IPUIPlugin:80 - create IPUIPlugin
2026-01-28 15:01:53,978 [INFO] PluginManager:220 - loadIPPluginJar : add can
2026-01-28 15:01:53,980 [INFO] IPUIPlugin:80 - create IPUIPlugin
2026-01-28 15:01:53,980 [INFO] PluginManager:220 - loadIPPluginJar : add comp
2026-01-28 15:01:53,981 [INFO] IPUIPlugin:80 - create IPUIPlugin
2026-01-28 15:01:53,981 [INFO] PluginManager:220 - loadIPPluginJar : add cryp
2026-01-28 15:01:53,985 [INFO] IPUIPlugin:80 - create IPUIPlugin
2026-01-28 15:01:53,985 [INFO] PluginManager:220 - loadIPPluginJar : add ddr_ctrl_phy
2026-01-28 15:01:53,987 [INFO] IPUIPlugin:80 - create IPUIPlugin
2026-01-28 15:01:53,987 [INFO] PluginManager:220 - loadIPPluginJar : add dfsdm
2026-01-28 15:01:53,992 [INFO] IPUIPlugin:80 - create IPUIPlugin
2026-01-28 15:01:53,992 [INFO] PluginManager:220 - loadIPPluginJar : add dma
2026-01-28 15:01:53,995 [INFO] IPUIPlugin:80 - create IPUIPlugin
2026-01-28 15:01:53,995 [INFO] PluginManager:220 - loadIPPluginJar : add dma3
2026-01-28 15:01:53,997 [INFO] IPUIPlugin:80 - create IPUIPlugin
2026-01-28 15:01:53,998 [INFO] PluginManager:220 - loadIPPluginJar : add extmemmanager
2026-01-28 15:01:53,999 [INFO] IPUIPlugin:80 - create IPUIPlugin
2026-01-28 15:01:53,999 [INFO] PluginManager:220 - loadIPPluginJar : add fatfs
2026-01-28 15:01:54,003 [INFO] IPUIPlugin:80 - create IPUIPlugin
2026-01-28 15:01:54,003 [INFO] PluginManager:220 - loadIPPluginJar : add fmc
2026-01-28 15:01:54,009 [INFO] IPUIPlugin:80 - create IPUIPlugin
2026-01-28 15:01:54,010 [INFO] PluginManager:220 - loadIPPluginJar : add freertos
2026-01-28 15:01:54,011 [INFO] IPUIPlugin:80 - create IPUIPlugin
2026-01-28 15:01:54,011 [INFO] PluginManager:220 - loadIPPluginJar : add genericplugin
2026-01-28 15:01:54,014 [INFO] IPUIPlugin:80 - create IPUIPlugin
2026-01-28 15:01:54,014 [INFO] PluginManager:220 - loadIPPluginJar : add gfxmmu
2026-01-28 15:01:54,019 [INFO] IPUIPlugin:80 - create IPUIPlugin
2026-01-28 15:01:54,019 [INFO] PluginManager:220 - loadIPPluginJar : add gic
2026-01-28 15:01:54,022 [INFO] IPUIPlugin:80 - create IPUIPlugin
2026-01-28 15:01:54,023 [INFO] PluginManager:220 - loadIPPluginJar : add gpio
2026-01-28 15:01:54,027 [INFO] IPUIPlugin:80 - create IPUIPlugin
2026-01-28 15:01:54,027 [INFO] PluginManager:220 - loadIPPluginJar : add gtzc
2026-01-28 15:01:54,029 [INFO] IPUIPlugin:80 - create IPUIPlugin
2026-01-28 15:01:54,030 [INFO] PluginManager:220 - loadIPPluginJar : add hash
2026-01-28 15:01:54,033 [INFO] IPUIPlugin:80 - create IPUIPlugin
2026-01-28 15:01:54,033 [INFO] PluginManager:220 - loadIPPluginJar : add i2c
2026-01-28 15:01:54,036 [INFO] IPUIPlugin:80 - create IPUIPlugin
2026-01-28 15:01:54,036 [INFO] PluginManager:220 - loadIPPluginJar : add i2s
2026-01-28 15:01:54,038 [INFO] IPUIPlugin:80 - create IPUIPlugin
2026-01-28 15:01:54,038 [INFO] PluginManager:220 - loadIPPluginJar : add i3c
2026-01-28 15:01:54,041 [INFO] IPUIPlugin:80 - create IPUIPlugin
2026-01-28 15:01:54,041 [INFO] PluginManager:220 - loadIPPluginJar : add ipddr
2026-01-28 15:01:54,049 [INFO] IPUIPlugin:80 - create IPUIPlugin
2026-01-28 15:01:54,049 [INFO] PluginManager:220 - loadIPPluginJar : add linkedlist
2026-01-28 15:01:54,052 [INFO] IPUIPlugin:80 - create IPUIPlugin
2026-01-28 15:01:54,052 [INFO] PluginManager:220 - loadIPPluginJar : add lorawan
2026-01-28 15:01:54,054 [INFO] IPUIPlugin:80 - create IPUIPlugin
2026-01-28 15:01:54,054 [INFO] PluginManager:220 - loadIPPluginJar : add ltdc
2026-01-28 15:01:54,060 [INFO] IPUIPlugin:80 - create IPUIPlugin
2026-01-28 15:01:54,061 [INFO] PluginManager:220 - loadIPPluginJar : add mdma
2026-01-28 15:01:54,065 [INFO] IPUIPlugin:80 - create IPUIPlugin
2026-01-28 15:01:54,065 [INFO] PluginManager:220 - loadIPPluginJar : add nvic
2026-01-28 15:01:54,069 [INFO] IPUIPlugin:80 - create IPUIPlugin
2026-01-28 15:01:54,069 [INFO] PluginManager:220 - loadIPPluginJar : add opamp
2026-01-28 15:01:54,072 [INFO] IPUIPlugin:80 - create IPUIPlugin
2026-01-28 15:01:54,072 [INFO] PluginManager:220 - loadIPPluginJar : add openamp
2026-01-28 15:01:54,075 [INFO] IPUIPlugin:80 - create IPUIPlugin
2026-01-28 15:01:54,075 [INFO] PluginManager:220 - loadIPPluginJar : add pdm2pcm
2026-01-28 15:01:54,081 [INFO] IPUIPlugin:80 - create IPUIPlugin
2026-01-28 15:01:54,084 [INFO] PluginManager:220 - loadIPPluginJar : add plateformsettings
2026-01-28 15:01:54,086 [INFO] IPUIPlugin:80 - create IPUIPlugin
2026-01-28 15:01:54,087 [INFO] PluginManager:220 - loadIPPluginJar : add quadspi
2026-01-28 15:01:54,089 [INFO] IPUIPlugin:80 - create IPUIPlugin
2026-01-28 15:01:54,091 [INFO] PluginManager:220 - loadIPPluginJar : add radio
2026-01-28 15:01:54,096 [INFO] IPUIPlugin:80 - create IPUIPlugin
2026-01-28 15:01:54,096 [INFO] PluginManager:220 - loadIPPluginJar : add resmgrutility
2026-01-28 15:01:54,100 [INFO] IPUIPlugin:80 - create IPUIPlugin
2026-01-28 15:01:54,100 [INFO] PluginManager:220 - loadIPPluginJar : add sai
2026-01-28 15:01:54,102 [INFO] IPUIPlugin:80 - create IPUIPlugin
2026-01-28 15:01:54,102 [INFO] PluginManager:220 - loadIPPluginJar : add spi
2026-01-28 15:01:54,109 [INFO] IPUIPlugin:80 - create IPUIPlugin
2026-01-28 15:01:54,109 [INFO] PluginManager:220 - loadIPPluginJar : add stm32_wpan
2026-01-28 15:01:54,110 [INFO] IPUIPlugin:80 - create IPUIPlugin
2026-01-28 15:01:54,111 [INFO] PluginManager:220 - loadIPPluginJar : add tim
2026-01-28 15:01:54,114 [INFO] IPUIPlugin:80 - create IPUIPlugin
2026-01-28 15:01:54,114 [INFO] PluginManager:220 - loadIPPluginJar : add touchsensing
2026-01-28 15:01:54,117 [INFO] IPUIPlugin:80 - create IPUIPlugin
2026-01-28 15:01:54,117 [INFO] PluginManager:220 - loadIPPluginJar : add tracer_emb
2026-01-28 15:01:54,119 [INFO] IPUIPlugin:80 - create IPUIPlugin
2026-01-28 15:01:54,119 [INFO] PluginManager:220 - loadIPPluginJar : add ts
2026-01-28 15:01:54,120 [INFO] IPUIPlugin:80 - create IPUIPlugin
2026-01-28 15:01:54,120 [INFO] PluginManager:220 - loadIPPluginJar : add tsc
2026-01-28 15:01:54,121 [INFO] IPUIPlugin:80 - create IPUIPlugin
2026-01-28 15:01:54,122 [INFO] PluginManager:220 - loadIPPluginJar : add ucpd
2026-01-28 15:01:54,124 [INFO] IPUIPlugin:80 - create IPUIPlugin
2026-01-28 15:01:54,124 [INFO] PluginManager:220 - loadIPPluginJar : add usart
2026-01-28 15:01:54,127 [INFO] IPUIPlugin:80 - create IPUIPlugin
2026-01-28 15:01:54,127 [INFO] PluginManager:220 - loadIPPluginJar : add usbx
2026-01-28 15:01:54,255 [FATAL] Updater:351 - Updater called before beeing initialized
2026-01-28 15:01:54,277 [INFO] RulesReader:64 - Compatibility file has been processed (302 Rules)
2026-01-28 15:01:54,286 [INFO] RulesReader:64 - Compatibility file has been processed (302 Rules)
2026-01-28 15:01:54,295 [INFO] CADModel:165 - CPN selected for project level
2026-01-28 15:01:54,295 [INFO] CADModel:114 - Register for checkConnection events
2026-01-28 15:01:54,295 [FATAL] Updater:351 - Updater called before beeing initialized
2026-01-28 15:01:54,295 [ERROR] CADModel:125 - Updater not yet initialized, retry later 
2026-01-28 15:01:54,482 [FATAL] Updater:351 - Updater called before beeing initialized
2026-01-28 15:01:54,484 [INFO] CADModel:165 - CPN selected for project level
2026-01-28 15:01:54,484 [INFO] CADModel:114 - Register for checkConnection events
2026-01-28 15:01:54,484 [FATAL] Updater:351 - Updater called before beeing initialized
2026-01-28 15:01:54,484 [ERROR] CADModel:125 - Updater not yet initialized, retry later 
2026-01-28 15:01:54,487 [FATAL] Updater:351 - Updater called before beeing initialized
2026-01-28 15:01:54,583 [FATAL] Updater:351 - Updater called before beeing initialized
2026-01-28 15:01:54,588 [INFO] DbMcusAds:53 - JSON generation date=Thu Jan 08 22:57:51 ICT 2026 (1767887871456)
2026-01-28 15:01:54,588 [FATAL] Updater:351 - Updater called before beeing initialized
2026-01-28 15:01:54,619 [WARN] DetailPanel:346 - Failed to get advertising image, set to default
2026-01-28 15:01:54,834 [FATAL] Updater:351 - Updater called before beeing initialized
2026-01-28 15:01:54,836 [FATAL] Updater:351 - Updater called before beeing initialized
2026-01-28 15:01:54,836 [FATAL] Updater:351 - Updater called before beeing initialized
2026-01-28 15:01:54,836 [WARN] DetailPanel:346 - Failed to get advertising image, set to default
2026-01-28 15:01:54,837 [FATAL] Updater:351 - Updater called before beeing initialized
2026-01-28 15:01:54,886 [ERROR] Updater:1198 - MainUpdater not yet initialized. External WinMGr cannot be set.
2026-01-28 15:01:54,888 [INFO] Updater:1134 - Updater Version found : 6.14.1
2026-01-28 15:01:54,907 [INFO] ApplicationProperties:184 - Using Application install path: D:\Mechatronics\STM32CubeIDE\STM32CubeIDE_1.18.0\STM32CubeIDE\plugins\com.st.stm32cube.common.mx_6.14.1.202504091515
2026-01-28 15:01:55,395 [INFO] MainUpdater:2872 - connection check result : 10
2026-01-28 15:01:55,395 [INFO] MainUpdater:3566 - Updater definition file requires update
2026-01-28 15:01:55,396 [INFO] MainUpdater:289 - Updater Check For Update Now.
2026-01-28 15:01:55,396 [INFO] MicroXplorer:498 - Change Database Version : DB.6.0.141
2026-01-28 15:01:55,400 [INFO] McuFinderGlobals:63 - Set McuFinder mode to 2 (CubeIDE integrated)
2026-01-28 15:01:55,401 [INFO] UserAuth:484 - Internet connection configuration mode: 1
2026-01-28 15:01:55,417 [INFO] JxBrowserEngine:152 - Initiate JxBrowser Engine with user profile folder
2026-01-28 15:01:55,530 [INFO] ServerAccessManage:473 - Download File updaters.zip
2026-01-28 15:01:55,650 [INFO] FileExtend:242 - Unzip File : updaters.zip
2026-01-28 15:01:55,650 [INFO] FileExtend:257 - Standard Zip Deflate
2026-01-28 15:01:55,931 [INFO] ServerAccessManage:473 - Download File PacksControlFlags.xml
2026-01-28 15:01:55,991 [INFO] ServerAccessManage:473 - Download File cubemx.pidx
2026-01-28 15:01:56,167 [INFO] LoadServerUpdatesThread:375 - End of LoadServerUpdate Thread
2026-01-28 15:01:56,337 [INFO] CheckServerUpdateThread:120 - End of CheckServer Thread
2026-01-28 15:01:56,608 [INFO] WebApp:169 - Instantiating new browser for Auth
2026-01-28 15:01:56,813 [WARN] PackLoader:240 - Cannot read IP mode file for STMicroelectronics.FP-SNS-MOTENVWB1.1.4.0
2026-01-28 15:01:56,822 [WARN] PackLoader:240 - Cannot read IP mode file for STMicroelectronics.FP-ATR-ASTRA1.2.0.2
2026-01-28 15:01:56,828 [WARN] PackLoader:240 - Cannot read IP mode file for STMicroelectronics.FP-ATR-ASTRA1.2.0.1
2026-01-28 15:01:56,839 [WARN] PackLoader:240 - Cannot read IP mode file for STMicroelectronics.X-CUBE-SMBUS.2.1.0
2026-01-28 15:01:56,847 [WARN] PackLoader:240 - Cannot read IP mode file for STMicroelectronics.X-CUBE-WB05N.1.1.0
2026-01-28 15:01:56,853 [WARN] PackLoader:240 - Cannot read IP mode file for STMicroelectronics.X-CUBE-ST60.1.0.0
2026-01-28 15:01:56,886 [WARN] PackLoader:240 - Cannot read IP mode file for STMicroelectronics.X-CUBE-AZRTOS-F7.1.1.0
2026-01-28 15:01:56,955 [WARN] PackLoader:240 - Cannot read IP mode file for STMicroelectronics.X-CUBE-MEMS1.11.0.0
2026-01-28 15:01:57,114 [ERROR] Engine:466 - C:\Users\ADMIN\.stm32cubemx\thirdparties\pdsc\STMicroelectronics.FP-SNS-MOTENV1.5.1.0.pdsc: PDSC version is not supported
2026-01-28 15:01:57,119 [WARN] PackLoader:240 - Cannot read IP mode file for STMicroelectronics.FP-SNS-FLIGHT1.5.0.2
2026-01-28 15:01:57,137 [WARN] PackLoader:240 - Cannot read IP mode file for STMicroelectronics.X-CUBE-AZRTOS-H7.3.4.0
2026-01-28 15:01:57,146 [WARN] PackLoader:240 - Cannot read IP mode file for STMicroelectronics.X-CUBE-DISPLAY.3.0.0
2026-01-28 15:01:57,153 [WARN] PackLoader:240 - Cannot read IP mode file for STMicroelectronics.X-CUBE-BLE1.7.0.0
2026-01-28 15:01:57,159 [WARN] PackLoader:240 - Cannot read IP mode file for STMicroelectronics.X-CUBE-NFC10.1.0.0
2026-01-28 15:01:57,167 [WARN] PackLoader:240 - Cannot read IP mode file for STMicroelectronics.X-CUBE-BLEMGR.4.0.0
2026-01-28 15:01:57,173 [WARN] PackLoader:240 - Cannot read IP mode file for STMicroelectronics.X-CUBE-ST60.1.1.0
2026-01-28 15:01:57,178 [WARN] PackLoader:240 - Cannot read IP mode file for emotas.I-CUBE-CANOPEN.1.3.0
2026-01-28 15:01:57,183 [WARN] PackLoader:240 - Cannot read IP mode file for STMicroelectronics.X-CUBE-GNSS1.7.1.0
2026-01-28 15:01:57,190 [WARN] PackLoader:240 - Cannot read IP mode file for STMicroelectronics.X-CUBE-BLEMGR.3.1.0
2026-01-28 15:01:57,195 [WARN] PackLoader:240 - Cannot read IP mode file for STMicroelectronics.X-CUBE-AI.10.0.0
2026-01-28 15:01:57,198 [ERROR] Engine:466 - C:\Users\ADMIN\.stm32cubemx\thirdparties\pdsc\STMicroelectronics.FP-SNS-STBOX1.2.1.0.pdsc: PDSC version is not supported
2026-01-28 15:01:57,200 [WARN] PackLoader:240 - Cannot read IP mode file for STMicroelectronics.FP-SNS-SMARTAG2.1.2.0
2026-01-28 15:01:57,203 [WARN] PackLoader:240 - Cannot read IP mode file for STMicroelectronics.FP-SNS-FLIGHT1.5.1.0
2026-01-28 15:01:57,229 [WARN] PackLoader:240 - Cannot read IP mode file for STMicroelectronics.X-CUBE-MEMS1.11.1.0
2026-01-28 15:01:57,367 [INFO] LogOutputStream:77 - [STDOUT_REDIRECT] 1 : Invalid condition id : UX_CORESTACK_Condition cause : null
2026-01-28 15:01:57,368 [INFO] LogOutputStream:77 - [STDOUT_REDIRECT] 1 : Invalid condition id : UX_CORESTACK_Condition cause : null
2026-01-28 15:01:57,370 [INFO] LogOutputStream:77 - [STDOUT_REDIRECT] 1 : Invalid condition id : UX_CORESTACK_Condition cause : null
2026-01-28 15:01:57,371 [INFO] LogOutputStream:77 - [STDOUT_REDIRECT] 1 : Invalid condition id : UX_CORESTACK_Condition cause : null
2026-01-28 15:01:57,375 [INFO] LogOutputStream:77 - [STDOUT_REDIRECT] 1 : Invalid condition id : UX_CORESTACK_Condition cause : null
2026-01-28 15:01:57,378 [WARN] PackLoader:240 - Cannot read IP mode file for STMicroelectronics.X-CUBE-AZRTOS-WL.2.0.0
2026-01-28 15:01:57,386 [WARN] PackLoader:240 - Cannot read IP mode file for STMicroelectronics.FP-SNS-MOTENV1.5.0.0
2026-01-28 15:01:57,404 [WARN] PackLoader:240 - Cannot read IP mode file for STMicroelectronics.X-CUBE-AZRTOS-H7RS.1.2.0
2026-01-28 15:01:57,413 [WARN] PackLoader:240 - Cannot read IP mode file for wolfSSL.I-CUBE-wolfMQTT.1.19.0
2026-01-28 15:01:57,423 [WARN] PackLoader:240 - Cannot read IP mode file for WES.I-CUBE-Cesium.1.3.0
2026-01-28 15:01:57,430 [WARN] PackLoader:240 - Cannot read IP mode file for STMicroelectronics.X-CUBE-BLE2.3.3.0
2026-01-28 15:01:57,460 [WARN] PackLoader:240 - Cannot read IP mode file for STMicroelectronics.X-CUBE-NFC9.1.0.0
2026-01-28 15:01:57,467 [WARN] PackLoader:240 - Cannot read IP mode file for STMicroelectronics.X-CUBE-BLE1.7.1.0
2026-01-28 15:01:57,473 [WARN] PackLoader:240 - Cannot read IP mode file for STMicroelectronics.X-CUBE-TCPP.4.1.0
2026-01-28 15:01:57,477 [ERROR] Engine:466 - C:\Users\ADMIN\.stm32cubemx\thirdparties\pdsc\STMicroelectronics.X-CUBE-FREERTOS.1.4.0.pdsc: PDSC version is not supported
2026-01-28 15:01:57,482 [WARN] PackLoader:240 - Cannot read IP mode file for STMicroelectronics.X-CUBE-EEPRMA1.5.2.0
2026-01-28 15:01:57,487 [ERROR] Engine:466 - C:\Users\ADMIN\.stm32cubemx\thirdparties\pdsc\STMicroelectronics.X-CUBE-ST67W61.1.1.0.pdsc: PDSC version is not supported
2026-01-28 15:01:57,490 [WARN] PackLoader:240 - Cannot read IP mode file for STMicroelectronics.X-CUBE-AI.10.1.0
2026-01-28 15:01:57,518 [WARN] PackLoader:240 - Cannot read IP mode file for STMicroelectronics.X-CUBE-MEMS1.12.0.0
2026-01-28 15:01:57,611 [WARN] PackLoader:240 - Cannot read IP mode file for STMicroelectronics.X-CUBE-MEMS1.11.2.0
2026-01-28 15:01:57,740 [WARN] PackLoader:240 - Cannot read IP mode file for STMicroelectronics.X-CUBE-AZRTOS-G0.1.1.0
2026-01-28 15:01:57,752 [WARN] PackLoader:240 - Cannot read IP mode file for STMicroelectronics.X-CUBE-SAFEA1.1.2.2
2026-01-28 15:01:57,760 [WARN] PackLoader:240 - Cannot read IP mode file for STMicroelectronics.X-CUBE-NFC4.3.0.0
2026-01-28 15:01:57,786 [WARN] PackLoader:240 - Cannot read IP mode file for EmbeddedOffice.I-CUBE-FS-RTOS.1.0.1
2026-01-28 15:01:57,793 [WARN] PackLoader:240 - Cannot read IP mode file for STMicroelectronics.X-CUBE-WB05N.2.0.0
2026-01-28 15:01:57,800 [WARN] PackLoader:240 - Cannot read IP mode file for STMicroelectronics.X-CUBE-TCPP.4.2.0
2026-01-28 15:01:57,808 [WARN] PackLoader:240 - Cannot read IP mode file for RealThread.X-CUBE-RT-Thread_Nano.4.1.1
2026-01-28 15:01:57,812 [WARN] PackLoader:240 - Cannot read IP mode file for STMicroelectronics.FP-ATR-SIGFOX1.3.2.0
2026-01-28 15:01:57,818 [WARN] ConditionMgr:438 - getConditionDescription Invalid condition id : Cortex-A Device cause : null
2026-01-28 15:01:57,828 [WARN] ConditionMgr:1044 - genDependencies : Invalid condition id : Cortex-A Device cause : null
2026-01-28 15:01:57,829 [WARN] ConditionMgr:1044 - genDependencies : Invalid condition id : Cortex-A Device cause : null
2026-01-28 15:01:57,829 [WARN] ConditionMgr:1044 - genDependencies : Invalid condition id : Cortex-A Device cause : null
2026-01-28 15:01:57,835 [WARN] PackLoader:240 - Cannot read IP mode file for STMicroelectronics.X-CUBE-EEPRMA1.5.1.0
2026-01-28 15:01:57,842 [WARN] PackLoader:240 - Cannot read IP mode file for wolfSSL.I-CUBE-wolfSSL.5.7.4
2026-01-28 15:01:57,851 [WARN] PackLoader:240 - Cannot read IP mode file for ITTIA_DB.I-CUBE-ITTIADB.8.9.0
2026-01-28 15:01:57,861 [WARN] PackLoader:240 - Cannot read IP mode file for STMicroelectronics.X-CUBE-ST67W61.1.0.0
2026-01-28 15:01:57,869 [WARN] PackLoader:240 - Cannot read IP mode file for STMicroelectronics.X-CUBE-AI.10.2.0
2026-01-28 15:01:57,900 [WARN] PackLoader:240 - Cannot read IP mode file for SEGGER.I-CUBE-embOS.1.3.1
2026-01-28 15:01:57,931 [WARN] PackLoader:240 - Cannot read IP mode file for STMicroelectronics.X-CUBE-ALGOBUILD.1.4.0
2026-01-28 15:01:57,965 [WARN] PackLoader:240 - Cannot read IP mode file for STMicroelectronics.X-CUBE-MEMS1.11.3.0
2026-01-28 15:01:58,045 [WARN] PackLoader:240 - Cannot read IP mode file for STMicroelectronics.X-CUBE-AI.9.1.0
2026-01-28 15:01:58,049 [WARN] PackLoader:240 - Cannot read IP mode file for STMicroelectronics.X-CUBE-PM33A1.1.0.0
2026-01-28 15:01:58,063 [WARN] PackLoader:240 - Cannot read IP mode file for STMicroelectronics.X-CUBE-AZRTOS-F4.1.1.0
2026-01-28 15:01:58,069 [WARN] PackLoader:240 - Cannot read IP mode file for Avnet-IotConnect.X-CUBE-IoTC-DA16k-PMOD.1.0.0
2026-01-28 15:01:58,074 [WARN] PackLoader:240 - Cannot read IP mode file for STMicroelectronics.X-CUBE-ISPU.2.1.0
2026-01-28 15:01:58,079 [ERROR] Engine:466 - C:\Users\ADMIN\.stm32cubemx\thirdparties\pdsc\STMicroelectronics.X-CUBE-IPS.3.2.0.pdsc: PDSC version is not supported
2026-01-28 15:01:58,082 [WARN] PackLoader:240 - Cannot read IP mode file for STMicroelectronics.X-CUBE-FREERTOS.1.2.0
2026-01-28 15:01:58,088 [WARN] PackLoader:240 - Cannot read IP mode file for STMicroelectronics.X-CUBE-NFC12.1.0.0
2026-01-28 15:01:58,099 [WARN] PackLoader:240 - Cannot read IP mode file for STMicroelectronics.X-CUBE-AZRTOS-L5.2.0.0
2026-01-28 15:01:58,107 [WARN] PackLoader:240 - Cannot read IP mode file for STMicroelectronics.X-CUBE-NFC6.3.1.0
2026-01-28 15:01:58,112 [WARN] PackLoader:240 - Cannot read IP mode file for STMicroelectronics.X-CUBE-DPower.1.2.0
2026-01-28 15:01:58,117 [WARN] PackLoader:240 - Cannot read IP mode file for STMicroelectronics.X-CUBE-FREERTOS.1.3.1
2026-01-28 15:01:58,121 [WARN] PackLoader:240 - Cannot read IP mode file for STMicroelectronics.X-CUBE-FREERTOS.1.3.0
2026-01-28 15:01:58,125 [WARN] PackLoader:240 - Cannot read IP mode file for STMicroelectronics.X-CUBE-NFC7.1.0.1
2026-01-28 15:01:58,132 [WARN] PackLoader:240 - Cannot read IP mode file for STMicroelectronics.X-CUBE-TOUCHGFX.4.26.0
2026-01-28 15:01:58,139 [WARN] PackLoader:240 - Cannot read IP mode file for STMicroelectronics.FP-SNS-STAIOTCFT.1.0.0
2026-01-28 15:01:58,142 [WARN] PackLoader:240 - Cannot read IP mode file for STMicroelectronics.X-CUBE-DPower.1.3.0
2026-01-28 15:01:58,154 [WARN] ConditionMgr:438 - getConditionDescription Invalid condition id : LAN8742 Phy interface Condition cause : null
2026-01-28 15:01:58,155 [WARN] PackLoader:240 - Cannot read IP mode file for STMicroelectronics.X-CUBE-AZRTOS-L4.2.0.0
2026-01-28 15:01:58,156 [WARN] ConditionMgr:1044 - genDependencies : Invalid condition id : LAN8742 Phy interface Condition cause : null
2026-01-28 15:01:58,157 [WARN] ConditionMgr:1044 - genDependencies : Invalid condition id : LAN8742 Phy interface Condition cause : null
2026-01-28 15:01:58,157 [WARN] ConditionMgr:1044 - genDependencies : Invalid condition id : LAN8742 Phy interface Condition cause : null
2026-01-28 15:01:58,164 [WARN] PackLoader:240 - Cannot read IP mode file for STMicroelectronics.X-CUBE-SFXS2LP1.4.0.0
2026-01-28 15:01:58,168 [ERROR] Engine:466 - C:\Users\ADMIN\.stm32cubemx\thirdparties\pdsc\STMicroelectronics.X-CUBE-ST67W61.1.2.0.pdsc: PDSC version is not supported
2026-01-28 15:01:58,180 [WARN] PackLoader:240 - Cannot read IP mode file for STMicroelectronics.X-CUBE-AZRTOS-H7.3.3.0
2026-01-28 15:01:58,191 [WARN] PackLoader:240 - Cannot read IP mode file for STMicroelectronics.X-CUBE-BLEMGR.4.1.0
2026-01-28 15:01:58,201 [WARN] PackLoader:240 - Cannot read IP mode file for STMicroelectronics.X-CUBE-IPS.3.0.0
2026-01-28 15:01:58,212 [WARN] ConditionMgr:438 - getConditionDescription Invalid condition id : UX DEVICE CLASS RTOS Condition cause : null
2026-01-28 15:01:58,213 [WARN] ConditionMgr:438 - getConditionDescription Invalid condition id : UX DEVICE CLASS RTOS Condition cause : null
2026-01-28 15:01:58,215 [WARN] PackLoader:240 - Cannot read IP mode file for STMicroelectronics.X-CUBE-AZRTOS-WB.2.0.0
2026-01-28 15:01:58,215 [WARN] ConditionMgr:1044 - genDependencies : Invalid condition id : UX DEVICE CLASS RTOS Condition cause : null
2026-01-28 15:01:58,216 [WARN] ConditionMgr:1044 - genDependencies : Invalid condition id : UX DEVICE CLASS RTOS Condition cause : null
2026-01-28 15:01:58,216 [WARN] ConditionMgr:1044 - genDependencies : Invalid condition id : UX DEVICE CLASS RTOS Condition cause : null
2026-01-28 15:01:58,216 [WARN] ConditionMgr:1044 - genDependencies : Invalid condition id : UX DEVICE CLASS RTOS Condition cause : null
2026-01-28 15:01:58,216 [WARN] ConditionMgr:1044 - genDependencies : Invalid condition id : UX DEVICE CLASS RTOS Condition cause : null
2026-01-28 15:01:58,221 [WARN] PackLoader:240 - Cannot read IP mode file for STMicroelectronics.X-CUBE-GNSS1.7.0.0
2026-01-28 15:01:58,226 [WARN] PackLoader:240 - Cannot read IP mode file for STMicroelectronics.X-CUBE-GNSS1.7.0.1
2026-01-28 15:01:58,230 [WARN] PackLoader:240 - Cannot read IP mode file for STMicroelectronics.X-CUBE-TOUCHGFX.4.25.0
2026-01-28 15:01:58,234 [WARN] PackLoader:240 - Cannot read IP mode file for STMicroelectronics.FP-SNS-STBOX1.2.0.0
2026-01-28 15:01:58,241 [WARN] PackLoader:240 - Cannot read IP mode file for STMicroelectronics.X-CUBE-SUBG2.5.0.0
2026-01-28 15:01:58,255 [WARN] PackLoader:240 - Cannot read IP mode file for STMicroelectronics.X-CUBE-AZRTOS-H7RS.1.1.0
2026-01-28 15:01:58,261 [WARN] PackLoader:240 - Cannot read IP mode file for Cesanta.I-CUBE-Mongoose.7.13.0
2026-01-28 15:01:58,270 [WARN] PackLoader:240 - Cannot read IP mode file for STMicroelectronics.X-CUBE-AZRTOS-G4.2.0.0
2026-01-28 15:01:58,274 [WARN] PackLoader:240 - Cannot read IP mode file for STMicroelectronics.X-CUBE-NFC7.2.0.0
2026-01-28 15:01:58,291 [WARN] PackLoader:240 - Cannot read IP mode file for STMicroelectronics.X-CUBE-IPS.3.1.0
2026-01-28 15:01:58,304 [WARN] PackLoader:240 - Cannot read IP mode file for STMicroelectronics.X-CUBE-ALS.1.0.2
2026-01-28 15:01:58,308 [WARN] PackLoader:240 - Cannot read IP mode file for STMicroelectronics.X-CUBE-TOUCHGFX.4.24.2
2026-01-28 15:01:58,310 [WARN] PackLoader:240 - Cannot read IP mode file for STMicroelectronics.X-CUBE-TOUCHGFX.4.24.1
2026-01-28 15:01:58,317 [WARN] PackLoader:240 - Cannot read IP mode file for STMicroelectronics.X-CUBE-STSE01.1.0.0
2026-01-28 15:01:58,323 [WARN] PackLoader:240 - Cannot read IP mode file for wolfSSL.I-CUBE-wolfTPM.3.4.0
2026-01-28 15:01:58,329 [WARN] PackLoader:240 - Cannot read IP mode file for portGmbH.I-Cube-SoM-uGOAL.1.1.0
2026-01-28 15:01:58,371 [WARN] PackLoader:240 - Cannot read IP mode file for STMicroelectronics.X-CUBE-AZRTOS-H7RS.1.0.0
2026-01-28 15:01:58,380 [WARN] PackLoader:240 - Cannot read IP mode file for STMicroelectronics.FP-ATR-ASTRA1.2.0.0
2026-01-28 15:01:58,398 [WARN] PackLoader:240 - Cannot read IP mode file for STMicroelectronics.X-CUBE-TOF1.3.4.2
2026-01-28 15:01:58,410 [WARN] PackLoader:240 - Cannot read IP mode file for STMicroelectronics.X-CUBE-TOF1.3.4.3
2026-01-28 15:01:58,428 [WARN] PackLoader:240 - Cannot read IP mode file for Infineon.AIROC-Wi-Fi-Bluetooth-STM32.1.6.1
2026-01-28 15:01:58,435 [WARN] PackLoader:240 - Cannot read IP mode file for wolfSSL.I-CUBE-wolfSSH.1.4.17
2026-01-28 15:01:58,436 [INFO] ThirdParty:978 - Integrity check success = true
2026-01-28 15:01:58,436 [INFO] IntegrityCheckThread:100 - exiting critical section [integrity check]
2026-01-28 15:01:58,436 [INFO] IntegrityCheckThread:103 - End integrity checks thread
2026-01-28 15:01:58,688 [INFO] WebApp:463 - Apply proxy settings
2026-01-28 15:01:58,688 [INFO] WebApp:548 - Chromium requires no authentication
2026-01-28 15:01:58,698 [INFO] WebApp:491 - Direct internet connection detected
2026-01-28 15:01:58,720 [INFO] WebApp:894 - Register for checkConnection events
2026-01-28 15:01:58,721 [INFO] WebApp:463 - Apply proxy settings
2026-01-28 15:01:58,721 [INFO] WebApp:548 - Chromium requires no authentication
2026-01-28 15:01:58,721 [INFO] WebApp:491 - Direct internet connection detected
2026-01-28 15:01:58,876 [INFO] WebApp:225 - Starting web application
2026-01-28 15:01:58,876 [INFO] WebApp:593 - Web application path used D:\Mechatronics\STM32CubeIDE\STM32CubeIDE_1.18.0\STM32CubeIDE\plugins\com.st.stm32cube.common.mx_6.14.1.202504091515\db\plugins\mcufinder\reactClient1\index.html
2026-01-28 15:01:59,004 [INFO] WebApp:191 - Connection restablished
2026-01-28 15:01:59,095 [INFO] UserAuth:484 - Internet connection configuration mode: 1
2026-01-28 15:02:12,009 [ERROR] LogOutputStream:75 - [STDERR_REDIRECT] 
2026-01-28 15:02:53,573 [INFO] Activator:176 - 


2026-01-28 15:02:53,576 [INFO] Activator:177 - !SESSION log4j initialized
2026-01-28 15:02:57,607 [INFO] LogOutputStream:77 - [STDOUT_REDIRECT] 
2026-01-28 15:03:21,928 [INFO] ApplicationProperties:184 - Using Application install path: D:\Mechatronics\STM32CubeIDE\STM32CubeIDE_1.18.0\STM32CubeIDE\plugins\com.st.stm32cube.common.mx_6.14.1.202504091515
2026-01-28 15:03:21,939 [INFO] DbMcusXml:78 - Set database path to: D:\Mechatronics\STM32CubeIDE\STM32CubeIDE_1.18.0\STM32CubeIDE\plugins\com.st.stm32cube.common.mx_6.14.1.202504091515\\db\/mcu/
2026-01-28 15:03:21,939 [INFO] ApiDb:274 - Set plugin database path to: D:\Mechatronics\STM32CubeIDE\STM32CubeIDE_1.18.0\STM32CubeIDE\plugins\com.st.stm32cube.common.mx_6.14.1.202504091515\\db\/plugins/boardmanager/
2026-01-28 15:03:21,939 [WARN] ApiDb:259 - Overriding images path with different value:  => D:\Mechatronics\STM32CubeIDE\STM32CubeIDE_1.18.0\STM32CubeIDE\plugins\com.st.stm32cube.common.mx_6.14.1.202504091515\\db\/plugins/mcufinder/images/
2026-01-28 15:03:21,942 [INFO] ApiDb:250 - Set database path to: C:\Users\ADMIN\.stmcufinder\plugins\mcufinder//mcu/
2026-01-28 15:03:21,943 [INFO] DbMcusAds:125 - Set database path to: C:\Users\ADMIN\.stmcufinder\plugins\mcufinder//mcu/
2026-01-28 15:03:21,961 [INFO] CrossReferenceDbSqlite:203 - Set database path to: C:\Users\ADMIN\.stmcufinder\plugins\mcufinder//mcu/cs/
2026-01-28 15:03:22,037 [INFO] RulesReader:64 - Compatibility file has been processed (302 Rules)
2026-01-28 15:03:22,101 [INFO] DbMcusXml:78 - Set database path to: D:\Mechatronics\STM32CubeIDE\STM32CubeIDE_1.18.0\STM32CubeIDE\plugins\com.st.stm32cube.common.mx_6.14.1.202504091515\\db\/mcu/
2026-01-28 15:03:22,101 [INFO] ApiDb:274 - Set plugin database path to: D:\Mechatronics\STM32CubeIDE\STM32CubeIDE_1.18.0\STM32CubeIDE\plugins\com.st.stm32cube.common.mx_6.14.1.202504091515\\db\/plugins/boardmanager/
2026-01-28 15:03:22,101 [INFO] ApiDb:261 - Set plugin images path to: D:\Mechatronics\STM32CubeIDE\STM32CubeIDE_1.18.0\STM32CubeIDE\plugins\com.st.stm32cube.common.mx_6.14.1.202504091515\\db\/plugins/mcufinder/images/
2026-01-28 15:03:22,101 [WARN] DbFile:41 - Overriding database path with different value: C:\Users\ADMIN\.stmcufinder\plugins\mcufinder/ => C:\Users\ADMIN\.stmcufinder\plugins\mcufinder
2026-01-28 15:03:22,101 [INFO] ApiDb:250 - Set database path to: C:\Users\ADMIN\.stmcufinder\plugins\mcufinder//mcu/
2026-01-28 15:03:22,102 [WARN] DbFile:41 - Overriding database path with different value: C:\Users\ADMIN\.stmcufinder\plugins\mcufinder/ => C:\Users\ADMIN\.stmcufinder\plugins\mcufinder
2026-01-28 15:03:22,102 [INFO] DbMcusAds:125 - Set database path to: C:\Users\ADMIN\.stmcufinder\plugins\mcufinder//mcu/
2026-01-28 15:03:22,102 [WARN] DbFile:41 - Overriding database path with different value: C:\Users\ADMIN\.stmcufinder\plugins\mcufinder/ => C:\Users\ADMIN\.stmcufinder\plugins\mcufinder
2026-01-28 15:03:22,102 [WARN] DbFile:41 - Overriding database path with different value: C:\Users\ADMIN\.stmcufinder\plugins\mcufinder/ => C:\Users\ADMIN\.stmcufinder\plugins\mcufinder
2026-01-28 15:03:22,102 [INFO] CrossReferenceDbSqlite:203 - Set database path to: C:\Users\ADMIN\.stmcufinder\plugins\mcufinder//mcu/cs/
2026-01-28 15:03:22,154 [INFO] MainPanel:272 - HeapMemory: 268435456
2026-01-28 15:03:22,231 [INFO] DbMcusXml:78 - Set database path to: D:\Mechatronics\STM32CubeIDE\STM32CubeIDE_1.18.0\STM32CubeIDE\plugins\com.st.stm32cube.common.mx_6.14.1.202504091515\\db\/mcu/
2026-01-28 15:03:22,232 [INFO] ApiDb:274 - Set plugin database path to: D:\Mechatronics\STM32CubeIDE\STM32CubeIDE_1.18.0\STM32CubeIDE\plugins\com.st.stm32cube.common.mx_6.14.1.202504091515\\db\/plugins/boardmanager/
2026-01-28 15:03:22,232 [INFO] ApiDb:261 - Set plugin images path to: D:\Mechatronics\STM32CubeIDE\STM32CubeIDE_1.18.0\STM32CubeIDE\plugins\com.st.stm32cube.common.mx_6.14.1.202504091515\\db\/plugins/mcufinder/images/
2026-01-28 15:03:22,232 [WARN] DbFile:41 - Overriding database path with different value: C:\Users\ADMIN\.stmcufinder\plugins\mcufinder/ => C:\Users\ADMIN\.stmcufinder\plugins\mcufinder
2026-01-28 15:03:22,232 [INFO] ApiDb:250 - Set database path to: C:\Users\ADMIN\.stmcufinder\plugins\mcufinder//mcu/
2026-01-28 15:03:22,232 [WARN] DbFile:41 - Overriding database path with different value: C:\Users\ADMIN\.stmcufinder\plugins\mcufinder/ => C:\Users\ADMIN\.stmcufinder\plugins\mcufinder
2026-01-28 15:03:22,232 [INFO] DbMcusAds:125 - Set database path to: C:\Users\ADMIN\.stmcufinder\plugins\mcufinder//mcu/
2026-01-28 15:03:22,232 [WARN] DbFile:41 - Overriding database path with different value: C:\Users\ADMIN\.stmcufinder\plugins\mcufinder/ => C:\Users\ADMIN\.stmcufinder\plugins\mcufinder
2026-01-28 15:03:22,232 [WARN] DbFile:41 - Overriding database path with different value: C:\Users\ADMIN\.stmcufinder\plugins\mcufinder/ => C:\Users\ADMIN\.stmcufinder\plugins\mcufinder
2026-01-28 15:03:22,232 [INFO] CrossReferenceDbSqlite:203 - Set database path to: C:\Users\ADMIN\.stmcufinder\plugins\mcufinder//mcu/cs/
2026-01-28 15:03:22,247 [INFO] ApplicationProperties:184 - Using Application install path: D:\Mechatronics\STM32CubeIDE\STM32CubeIDE_1.18.0\STM32CubeIDE\plugins\com.st.stm32cube.common.mx_6.14.1.202504091515
2026-01-28 15:03:22,248 [INFO] PluginManage:196 - Search for loadable plugins [exclusion list=, ]
2026-01-28 15:03:22,249 [INFO] PluginManage:310 - Check plugin analytics
2026-01-28 15:03:22,380 [INFO] AnalyticsPlugin:253 - Accepted Software Licenses: STM32CubeMX.6.11.0,STM32CubeMX.6.11.1,STM32CubeMX.6.12.1
2026-01-28 15:03:22,380 [INFO] AnalyticsPlugin:255 - Accepted CMSIS Pack Licenses: 
2026-01-28 15:03:22,380 [INFO] AnalyticsPlugin:257 - Accepted Firmware Licenses: FW.H7.1.11.0,FW.F4.1.28.0
2026-01-28 15:03:22,384 [INFO] PluginManage:359 - Loaded plugin analytics (category:tool,tabindex:-1)
2026-01-28 15:03:22,384 [INFO] PluginManage:310 - Check plugin cadmodel
2026-01-28 15:03:22,387 [INFO] CADModel:105 - Init CAD model plugin
2026-01-28 15:03:22,388 [INFO] PluginManage:359 - Loaded plugin cadmodel (category:power,tabindex:5)
2026-01-28 15:03:22,388 [INFO] PluginManage:310 - Check plugin clock
2026-01-28 15:03:22,394 [INFO] PluginManage:359 - Loaded plugin clock (category:base,tabindex:2)
2026-01-28 15:03:22,394 [INFO] PluginManage:310 - Check plugin ddr
2026-01-28 15:03:22,396 [INFO] PluginManage:359 - Loaded plugin ddr (category:tool,tabindex:6)
2026-01-28 15:03:22,396 [INFO] PluginManage:310 - Check plugin filemanager
2026-01-28 15:03:22,553 [INFO] PluginManage:359 - Loaded plugin filemanager (category:base,tabindex:10)
2026-01-28 15:03:22,554 [INFO] PluginManage:310 - Check plugin ipmanager
2026-01-28 15:03:22,560 [INFO] PluginManage:359 - Loaded plugin ipmanager (category:base,tabindex:5)
2026-01-28 15:03:22,561 [INFO] PluginManage:310 - Check plugin lpbam
2026-01-28 15:03:22,567 [INFO] PluginManage:359 - Loaded plugin lpbam (category:base,tabindex:0)
2026-01-28 15:03:22,567 [INFO] PluginManage:310 - Check plugin memorymap
2026-01-28 15:03:22,574 [INFO] PluginManage:359 - Loaded plugin memorymap (category:base,tabindex:4)
2026-01-28 15:03:22,574 [INFO] PluginManage:310 - Check plugin pinoutandconfiguration
2026-01-28 15:03:22,579 [INFO] PluginManage:359 - Loaded plugin pinoutandconfiguration (category:base,tabindex:1)
2026-01-28 15:03:22,579 [INFO] PluginManage:310 - Check plugin pinoutconfig
2026-01-28 15:03:22,638 [WARN] SupportedApi:132 - Cannot load RTOS API schema: s4s-elt-must-match.1: The content of 'definitions' must match (annotation?, (simpleType | complexType)?, (unique | key | keyref)*)). A problem was found starting at: attribute.
2026-01-28 15:03:22,726 [INFO] PluginManage:359 - Loaded plugin pinoutconfig (category:base,tabindex:0)
2026-01-28 15:03:22,726 [INFO] PluginManage:310 - Check plugin power
2026-01-28 15:03:22,732 [INFO] PluginManage:359 - Loaded plugin power (category:power,tabindex:4)
2026-01-28 15:03:22,732 [INFO] PluginManage:310 - Check plugin projectmanager
2026-01-28 15:03:22,744 [INFO] PluginManage:359 - Loaded plugin projectmanager (category:projectmanager,tabindex:4)
2026-01-28 15:03:22,744 [INFO] PluginManage:310 - Check plugin rif
2026-01-28 15:03:22,748 [INFO] PluginManage:359 - Loaded plugin rif (category:base,tabindex:3)
2026-01-28 15:03:22,748 [INFO] PluginManage:310 - Check plugin thirdparty
2026-01-28 15:03:22,840 [WARN] IntegrityCheckThread:84 - waiting for thirdparty lock release [integrity check]
2026-01-28 15:03:22,841 [INFO] PluginManage:359 - Loaded plugin thirdparty (category:base,tabindex:-1)
2026-01-28 15:03:22,841 [INFO] IntegrityCheckThread:86 - entering critical section [integrity check]
2026-01-28 15:03:22,841 [INFO] PluginManage:310 - Check plugin tools
2026-01-28 15:03:22,841 [INFO] ThirdPartyUpdaterWithRetryManager:70 - Updater plugin not ready yet. [1/15]
2026-01-28 15:03:22,844 [INFO] PluginManage:359 - Loaded plugin tools (category:base,tabindex:7)
2026-01-28 15:03:22,844 [INFO] PluginManage:310 - Check plugin tutovideos
2026-01-28 15:03:22,959 [INFO] PluginManage:359 - Loaded plugin tutovideos (category:base,tabindex:-1)
2026-01-28 15:03:22,959 [INFO] PluginManage:310 - Check plugin updater
2026-01-28 15:03:22,980 [INFO] PluginManage:359 - Loaded plugin updater (category:base,tabindex:12)
2026-01-28 15:03:22,980 [INFO] PluginManage:310 - Check plugin userauth
2026-01-28 15:03:22,985 [INFO] UserAuth:118 - Init User Auth plugin
2026-01-28 15:03:22,985 [INFO] PluginManage:359 - Loaded plugin userauth (category:base,tabindex:14)
2026-01-28 15:03:22,986 [INFO] PluginManage:283 - PluginManage : Loaded plugins [18]
2026-01-28 15:03:23,139 [INFO] PinOutPanel:1589 - setPackage(No Configuration,No Configuration)
2026-01-28 15:03:23,211 [INFO] CADModel:165 - CPN selected for project level
2026-01-28 15:03:23,211 [INFO] CADModel:114 - Register for checkConnection events
2026-01-28 15:03:23,222 [INFO] IPUIPlugin:80 - create IPUIPlugin
2026-01-28 15:03:23,223 [INFO] PluginManager:220 - loadIPPluginJar : add adc
2026-01-28 15:03:23,225 [INFO] IPUIPlugin:80 - create IPUIPlugin
2026-01-28 15:03:23,225 [INFO] PluginManager:220 - loadIPPluginJar : add aes
2026-01-28 15:03:23,226 [INFO] IPUIPlugin:80 - create IPUIPlugin
2026-01-28 15:03:23,227 [INFO] PluginManager:220 - loadIPPluginJar : add can
2026-01-28 15:03:23,227 [INFO] IPUIPlugin:80 - create IPUIPlugin
2026-01-28 15:03:23,228 [INFO] PluginManager:220 - loadIPPluginJar : add comp
2026-01-28 15:03:23,229 [INFO] IPUIPlugin:80 - create IPUIPlugin
2026-01-28 15:03:23,229 [INFO] PluginManager:220 - loadIPPluginJar : add cryp
2026-01-28 15:03:23,230 [INFO] IPUIPlugin:80 - create IPUIPlugin
2026-01-28 15:03:23,231 [INFO] PluginManager:220 - loadIPPluginJar : add ddr_ctrl_phy
2026-01-28 15:03:23,232 [INFO] IPUIPlugin:80 - create IPUIPlugin
2026-01-28 15:03:23,232 [INFO] PluginManager:220 - loadIPPluginJar : add dfsdm
2026-01-28 15:03:23,235 [INFO] IPUIPlugin:80 - create IPUIPlugin
2026-01-28 15:03:23,236 [INFO] PluginManager:220 - loadIPPluginJar : add dma
2026-01-28 15:03:23,237 [INFO] IPUIPlugin:80 - create IPUIPlugin
2026-01-28 15:03:23,237 [INFO] PluginManager:220 - loadIPPluginJar : add dma3
2026-01-28 15:03:23,238 [INFO] IPUIPlugin:80 - create IPUIPlugin
2026-01-28 15:03:23,238 [INFO] PluginManager:220 - loadIPPluginJar : add extmemmanager
2026-01-28 15:03:23,239 [INFO] IPUIPlugin:80 - create IPUIPlugin
2026-01-28 15:03:23,239 [INFO] PluginManager:220 - loadIPPluginJar : add fatfs
2026-01-28 15:03:23,242 [INFO] IPUIPlugin:80 - create IPUIPlugin
2026-01-28 15:03:23,242 [INFO] PluginManager:220 - loadIPPluginJar : add fmc
2026-01-28 15:03:23,245 [INFO] IPUIPlugin:80 - create IPUIPlugin
2026-01-28 15:03:23,246 [INFO] PluginManager:220 - loadIPPluginJar : add freertos
2026-01-28 15:03:23,246 [INFO] IPUIPlugin:80 - create IPUIPlugin
2026-01-28 15:03:23,246 [INFO] PluginManager:220 - loadIPPluginJar : add genericplugin
2026-01-28 15:03:23,247 [INFO] IPUIPlugin:80 - create IPUIPlugin
2026-01-28 15:03:23,248 [INFO] PluginManager:220 - loadIPPluginJar : add gfxmmu
2026-01-28 15:03:23,250 [INFO] IPUIPlugin:80 - create IPUIPlugin
2026-01-28 15:03:23,250 [INFO] PluginManager:220 - loadIPPluginJar : add gic
2026-01-28 15:03:23,252 [INFO] IPUIPlugin:80 - create IPUIPlugin
2026-01-28 15:03:23,252 [INFO] PluginManager:220 - loadIPPluginJar : add gpio
2026-01-28 15:03:23,253 [INFO] IPUIPlugin:80 - create IPUIPlugin
2026-01-28 15:03:23,254 [INFO] PluginManager:220 - loadIPPluginJar : add gtzc
2026-01-28 15:03:23,255 [INFO] IPUIPlugin:80 - create IPUIPlugin
2026-01-28 15:03:23,255 [INFO] PluginManager:220 - loadIPPluginJar : add hash
2026-01-28 15:03:23,256 [INFO] IPUIPlugin:80 - create IPUIPlugin
2026-01-28 15:03:23,256 [INFO] PluginManager:220 - loadIPPluginJar : add i2c
2026-01-28 15:03:23,257 [INFO] IPUIPlugin:80 - create IPUIPlugin
2026-01-28 15:03:23,257 [INFO] PluginManager:220 - loadIPPluginJar : add i2s
2026-01-28 15:03:23,259 [INFO] IPUIPlugin:80 - create IPUIPlugin
2026-01-28 15:03:23,259 [INFO] PluginManager:220 - loadIPPluginJar : add i3c
2026-01-28 15:03:23,260 [INFO] IPUIPlugin:80 - create IPUIPlugin
2026-01-28 15:03:23,261 [INFO] PluginManager:220 - loadIPPluginJar : add ipddr
2026-01-28 15:03:23,264 [INFO] IPUIPlugin:80 - create IPUIPlugin
2026-01-28 15:03:23,265 [INFO] PluginManager:220 - loadIPPluginJar : add linkedlist
2026-01-28 15:03:23,266 [INFO] IPUIPlugin:80 - create IPUIPlugin
2026-01-28 15:03:23,266 [INFO] PluginManager:220 - loadIPPluginJar : add lorawan
2026-01-28 15:03:23,267 [INFO] IPUIPlugin:80 - create IPUIPlugin
2026-01-28 15:03:23,267 [INFO] PluginManager:220 - loadIPPluginJar : add ltdc
2026-01-28 15:03:23,270 [INFO] IPUIPlugin:80 - create IPUIPlugin
2026-01-28 15:03:23,270 [INFO] PluginManager:220 - loadIPPluginJar : add mdma
2026-01-28 15:03:23,271 [INFO] IPUIPlugin:80 - create IPUIPlugin
2026-01-28 15:03:23,272 [INFO] PluginManager:220 - loadIPPluginJar : add nvic
2026-01-28 15:03:23,273 [INFO] IPUIPlugin:80 - create IPUIPlugin
2026-01-28 15:03:23,273 [INFO] PluginManager:220 - loadIPPluginJar : add opamp
2026-01-28 15:03:23,275 [INFO] IPUIPlugin:80 - create IPUIPlugin
2026-01-28 15:03:23,275 [INFO] PluginManager:220 - loadIPPluginJar : add openamp
2026-01-28 15:03:23,276 [INFO] IPUIPlugin:80 - create IPUIPlugin
2026-01-28 15:03:23,276 [INFO] PluginManager:220 - loadIPPluginJar : add pdm2pcm
2026-01-28 15:03:23,279 [INFO] IPUIPlugin:80 - create IPUIPlugin
2026-01-28 15:03:23,280 [INFO] PluginManager:220 - loadIPPluginJar : add plateformsettings
2026-01-28 15:03:23,281 [INFO] IPUIPlugin:80 - create IPUIPlugin
2026-01-28 15:03:23,281 [INFO] PluginManager:220 - loadIPPluginJar : add quadspi
2026-01-28 15:03:23,282 [INFO] IPUIPlugin:80 - create IPUIPlugin
2026-01-28 15:03:23,284 [INFO] PluginManager:220 - loadIPPluginJar : add radio
2026-01-28 15:03:23,285 [INFO] IPUIPlugin:80 - create IPUIPlugin
2026-01-28 15:03:23,286 [INFO] PluginManager:220 - loadIPPluginJar : add resmgrutility
2026-01-28 15:03:23,287 [INFO] IPUIPlugin:80 - create IPUIPlugin
2026-01-28 15:03:23,287 [INFO] PluginManager:220 - loadIPPluginJar : add sai
2026-01-28 15:03:23,288 [INFO] IPUIPlugin:80 - create IPUIPlugin
2026-01-28 15:03:23,288 [INFO] PluginManager:220 - loadIPPluginJar : add spi
2026-01-28 15:03:23,292 [INFO] IPUIPlugin:80 - create IPUIPlugin
2026-01-28 15:03:23,292 [INFO] PluginManager:220 - loadIPPluginJar : add stm32_wpan
2026-01-28 15:03:23,293 [INFO] IPUIPlugin:80 - create IPUIPlugin
2026-01-28 15:03:23,293 [INFO] PluginManager:220 - loadIPPluginJar : add tim
2026-01-28 15:03:23,295 [INFO] IPUIPlugin:80 - create IPUIPlugin
2026-01-28 15:03:23,295 [INFO] PluginManager:220 - loadIPPluginJar : add touchsensing
2026-01-28 15:03:23,296 [INFO] IPUIPlugin:80 - create IPUIPlugin
2026-01-28 15:03:23,296 [INFO] PluginManager:220 - loadIPPluginJar : add tracer_emb
2026-01-28 15:03:23,297 [INFO] IPUIPlugin:80 - create IPUIPlugin
2026-01-28 15:03:23,297 [INFO] PluginManager:220 - loadIPPluginJar : add ts
2026-01-28 15:03:23,298 [INFO] IPUIPlugin:80 - create IPUIPlugin
2026-01-28 15:03:23,298 [INFO] PluginManager:220 - loadIPPluginJar : add tsc
2026-01-28 15:03:23,299 [INFO] IPUIPlugin:80 - create IPUIPlugin
2026-01-28 15:03:23,299 [INFO] PluginManager:220 - loadIPPluginJar : add ucpd
2026-01-28 15:03:23,301 [INFO] IPUIPlugin:80 - create IPUIPlugin
2026-01-28 15:03:23,301 [INFO] PluginManager:220 - loadIPPluginJar : add usart
2026-01-28 15:03:23,302 [INFO] IPUIPlugin:80 - create IPUIPlugin
2026-01-28 15:03:23,302 [INFO] PluginManager:220 - loadIPPluginJar : add usbx
2026-01-28 15:03:23,418 [FATAL] Updater:351 - Updater called before beeing initialized
2026-01-28 15:03:23,434 [INFO] RulesReader:64 - Compatibility file has been processed (302 Rules)
2026-01-28 15:03:23,443 [INFO] RulesReader:64 - Compatibility file has been processed (302 Rules)
2026-01-28 15:03:23,449 [INFO] CADModel:165 - CPN selected for project level
2026-01-28 15:03:23,449 [INFO] CADModel:114 - Register for checkConnection events
2026-01-28 15:03:23,449 [FATAL] Updater:351 - Updater called before beeing initialized
2026-01-28 15:03:23,449 [ERROR] CADModel:125 - Updater not yet initialized, retry later 
2026-01-28 15:03:23,574 [FATAL] Updater:351 - Updater called before beeing initialized
2026-01-28 15:03:23,575 [INFO] CADModel:165 - CPN selected for project level
2026-01-28 15:03:23,575 [INFO] CADModel:114 - Register for checkConnection events
2026-01-28 15:03:23,576 [FATAL] Updater:351 - Updater called before beeing initialized
2026-01-28 15:03:23,576 [ERROR] CADModel:125 - Updater not yet initialized, retry later 
2026-01-28 15:03:23,578 [FATAL] Updater:351 - Updater called before beeing initialized
2026-01-28 15:03:23,657 [FATAL] Updater:351 - Updater called before beeing initialized
2026-01-28 15:03:23,660 [INFO] DbMcusAds:53 - JSON generation date=Thu Jan 08 22:57:51 ICT 2026 (1767887871456)
2026-01-28 15:03:23,660 [FATAL] Updater:351 - Updater called before beeing initialized
2026-01-28 15:03:23,684 [WARN] DetailPanel:346 - Failed to get advertising image, set to default
2026-01-28 15:03:23,881 [FATAL] Updater:351 - Updater called before beeing initialized
2026-01-28 15:03:23,883 [FATAL] Updater:351 - Updater called before beeing initialized
2026-01-28 15:03:23,884 [FATAL] Updater:351 - Updater called before beeing initialized
2026-01-28 15:03:23,884 [WARN] DetailPanel:346 - Failed to get advertising image, set to default
2026-01-28 15:03:23,885 [FATAL] Updater:351 - Updater called before beeing initialized
2026-01-28 15:03:23,917 [ERROR] Updater:1198 - MainUpdater not yet initialized. External WinMGr cannot be set.
2026-01-28 15:03:23,918 [INFO] Updater:1134 - Updater Version found : 6.14.1
2026-01-28 15:03:23,929 [INFO] ApplicationProperties:184 - Using Application install path: D:\Mechatronics\STM32CubeIDE\STM32CubeIDE_1.18.0\STM32CubeIDE\plugins\com.st.stm32cube.common.mx_6.14.1.202504091515
2026-01-28 15:03:24,321 [INFO] MainUpdater:2872 - connection check result : 10
2026-01-28 15:03:24,321 [INFO] MainUpdater:289 - Updater Check For Update Now.
2026-01-28 15:03:24,321 [INFO] MicroXplorer:498 - Change Database Version : DB.6.0.141
2026-01-28 15:03:24,325 [INFO] McuFinderGlobals:63 - Set McuFinder mode to 2 (CubeIDE integrated)
2026-01-28 15:03:24,325 [INFO] UserAuth:484 - Internet connection configuration mode: 1
2026-01-28 15:03:24,342 [INFO] JxBrowserEngine:152 - Initiate JxBrowser Engine with user profile folder
2026-01-28 15:03:24,489 [INFO] CheckServerUpdateThread:120 - End of CheckServer Thread
2026-01-28 15:03:24,955 [INFO] WebApp:169 - Instantiating new browser for Auth
2026-01-28 15:03:25,463 [INFO] WebApp:463 - Apply proxy settings
2026-01-28 15:03:25,463 [INFO] WebApp:548 - Chromium requires no authentication
2026-01-28 15:03:25,469 [INFO] WebApp:491 - Direct internet connection detected
2026-01-28 15:03:25,483 [INFO] WebApp:894 - Register for checkConnection events
2026-01-28 15:03:25,483 [INFO] WebApp:463 - Apply proxy settings
2026-01-28 15:03:25,484 [INFO] WebApp:548 - Chromium requires no authentication
2026-01-28 15:03:25,484 [INFO] WebApp:491 - Direct internet connection detected
2026-01-28 15:03:25,582 [INFO] WebApp:225 - Starting web application
2026-01-28 15:03:25,582 [INFO] WebApp:593 - Web application path used D:\Mechatronics\STM32CubeIDE\STM32CubeIDE_1.18.0\STM32CubeIDE\plugins\com.st.stm32cube.common.mx_6.14.1.202504091515\db\plugins\mcufinder\reactClient1\index.html
2026-01-28 15:03:25,639 [INFO] UserAuth:484 - Internet connection configuration mode: 1
2026-01-28 15:03:25,770 [INFO] WebApp:191 - Connection restablished
2026-01-28 15:03:26,081 [WARN] PackLoader:240 - Cannot read IP mode file for STMicroelectronics.FP-SNS-MOTENVWB1.1.4.0
2026-01-28 15:03:26,092 [WARN] PackLoader:240 - Cannot read IP mode file for STMicroelectronics.FP-ATR-ASTRA1.2.0.2
2026-01-28 15:03:26,097 [WARN] PackLoader:240 - Cannot read IP mode file for STMicroelectronics.FP-ATR-ASTRA1.2.0.1
2026-01-28 15:03:26,108 [WARN] PackLoader:240 - Cannot read IP mode file for STMicroelectronics.X-CUBE-SMBUS.2.1.0
2026-01-28 15:03:26,118 [WARN] PackLoader:240 - Cannot read IP mode file for STMicroelectronics.X-CUBE-WB05N.1.1.0
2026-01-28 15:03:26,125 [WARN] PackLoader:240 - Cannot read IP mode file for STMicroelectronics.X-CUBE-ST60.1.0.0
2026-01-28 15:03:26,154 [WARN] PackLoader:240 - Cannot read IP mode file for STMicroelectronics.X-CUBE-AZRTOS-F7.1.1.0
2026-01-28 15:03:26,220 [WARN] PackLoader:240 - Cannot read IP mode file for STMicroelectronics.X-CUBE-MEMS1.11.0.0
2026-01-28 15:03:26,391 [ERROR] Engine:466 - C:\Users\ADMIN\.stm32cubemx\thirdparties\pdsc\STMicroelectronics.FP-SNS-MOTENV1.5.1.0.pdsc: PDSC version is not supported
2026-01-28 15:03:26,396 [WARN] PackLoader:240 - Cannot read IP mode file for STMicroelectronics.FP-SNS-FLIGHT1.5.0.2
2026-01-28 15:03:26,419 [WARN] PackLoader:240 - Cannot read IP mode file for STMicroelectronics.X-CUBE-AZRTOS-H7.3.4.0
2026-01-28 15:03:26,428 [WARN] PackLoader:240 - Cannot read IP mode file for STMicroelectronics.X-CUBE-DISPLAY.3.0.0
2026-01-28 15:03:26,434 [WARN] PackLoader:240 - Cannot read IP mode file for STMicroelectronics.X-CUBE-BLE1.7.0.0
2026-01-28 15:03:26,440 [WARN] PackLoader:240 - Cannot read IP mode file for STMicroelectronics.X-CUBE-NFC10.1.0.0
2026-01-28 15:03:26,448 [WARN] PackLoader:240 - Cannot read IP mode file for STMicroelectronics.X-CUBE-BLEMGR.4.0.0
2026-01-28 15:03:26,453 [WARN] PackLoader:240 - Cannot read IP mode file for STMicroelectronics.X-CUBE-ST60.1.1.0
2026-01-28 15:03:26,458 [WARN] PackLoader:240 - Cannot read IP mode file for emotas.I-CUBE-CANOPEN.1.3.0
2026-01-28 15:03:26,462 [WARN] PackLoader:240 - Cannot read IP mode file for STMicroelectronics.X-CUBE-GNSS1.7.1.0
2026-01-28 15:03:26,469 [WARN] PackLoader:240 - Cannot read IP mode file for STMicroelectronics.X-CUBE-BLEMGR.3.1.0
2026-01-28 15:03:26,473 [WARN] PackLoader:240 - Cannot read IP mode file for STMicroelectronics.X-CUBE-AI.10.0.0
2026-01-28 15:03:26,476 [ERROR] Engine:466 - C:\Users\ADMIN\.stm32cubemx\thirdparties\pdsc\STMicroelectronics.FP-SNS-STBOX1.2.1.0.pdsc: PDSC version is not supported
2026-01-28 15:03:26,479 [WARN] PackLoader:240 - Cannot read IP mode file for STMicroelectronics.FP-SNS-SMARTAG2.1.2.0
2026-01-28 15:03:26,481 [WARN] PackLoader:240 - Cannot read IP mode file for STMicroelectronics.FP-SNS-FLIGHT1.5.1.0
2026-01-28 15:03:26,527 [WARN] PackLoader:240 - Cannot read IP mode file for STMicroelectronics.X-CUBE-MEMS1.11.1.0
2026-01-28 15:03:26,736 [INFO] LogOutputStream:77 - [STDOUT_REDIRECT] 1 : Invalid condition id : UX_CORESTACK_Condition cause : null
2026-01-28 15:03:26,737 [INFO] LogOutputStream:77 - [STDOUT_REDIRECT] 1 : Invalid condition id : UX_CORESTACK_Condition cause : null
2026-01-28 15:03:26,738 [INFO] LogOutputStream:77 - [STDOUT_REDIRECT] 1 : Invalid condition id : UX_CORESTACK_Condition cause : null
2026-01-28 15:03:26,740 [INFO] LogOutputStream:77 - [STDOUT_REDIRECT] 1 : Invalid condition id : UX_CORESTACK_Condition cause : null
2026-01-28 15:03:26,741 [INFO] LogOutputStream:77 - [STDOUT_REDIRECT] 1 : Invalid condition id : UX_CORESTACK_Condition cause : null
2026-01-28 15:03:26,744 [WARN] PackLoader:240 - Cannot read IP mode file for STMicroelectronics.X-CUBE-AZRTOS-WL.2.0.0
2026-01-28 15:03:26,749 [WARN] PackLoader:240 - Cannot read IP mode file for STMicroelectronics.FP-SNS-MOTENV1.5.0.0
2026-01-28 15:03:26,761 [WARN] PackLoader:240 - Cannot read IP mode file for STMicroelectronics.X-CUBE-AZRTOS-H7RS.1.2.0
2026-01-28 15:03:26,767 [WARN] PackLoader:240 - Cannot read IP mode file for wolfSSL.I-CUBE-wolfMQTT.1.19.0
2026-01-28 15:03:26,776 [WARN] PackLoader:240 - Cannot read IP mode file for WES.I-CUBE-Cesium.1.3.0
2026-01-28 15:03:26,780 [WARN] PackLoader:240 - Cannot read IP mode file for STMicroelectronics.X-CUBE-BLE2.3.3.0
2026-01-28 15:03:26,804 [WARN] PackLoader:240 - Cannot read IP mode file for STMicroelectronics.X-CUBE-NFC9.1.0.0
2026-01-28 15:03:26,808 [WARN] PackLoader:240 - Cannot read IP mode file for STMicroelectronics.X-CUBE-BLE1.7.1.0
2026-01-28 15:03:26,812 [WARN] PackLoader:240 - Cannot read IP mode file for STMicroelectronics.X-CUBE-TCPP.4.1.0
2026-01-28 15:03:26,816 [ERROR] Engine:466 - C:\Users\ADMIN\.stm32cubemx\thirdparties\pdsc\STMicroelectronics.X-CUBE-FREERTOS.1.4.0.pdsc: PDSC version is not supported
2026-01-28 15:03:26,819 [WARN] PackLoader:240 - Cannot read IP mode file for STMicroelectronics.X-CUBE-EEPRMA1.5.2.0
2026-01-28 15:03:26,822 [ERROR] Engine:466 - C:\Users\ADMIN\.stm32cubemx\thirdparties\pdsc\STMicroelectronics.X-CUBE-ST67W61.1.1.0.pdsc: PDSC version is not supported
2026-01-28 15:03:26,825 [WARN] PackLoader:240 - Cannot read IP mode file for STMicroelectronics.X-CUBE-AI.10.1.0
2026-01-28 15:03:26,857 [WARN] PackLoader:240 - Cannot read IP mode file for STMicroelectronics.X-CUBE-MEMS1.12.0.0
2026-01-28 15:03:26,955 [WARN] PackLoader:240 - Cannot read IP mode file for STMicroelectronics.X-CUBE-MEMS1.11.2.0
2026-01-28 15:03:27,067 [WARN] PackLoader:240 - Cannot read IP mode file for STMicroelectronics.X-CUBE-AZRTOS-G0.1.1.0
2026-01-28 15:03:27,076 [WARN] PackLoader:240 - Cannot read IP mode file for STMicroelectronics.X-CUBE-SAFEA1.1.2.2
2026-01-28 15:03:27,082 [WARN] PackLoader:240 - Cannot read IP mode file for STMicroelectronics.X-CUBE-NFC4.3.0.0
2026-01-28 15:03:27,124 [WARN] PackLoader:240 - Cannot read IP mode file for EmbeddedOffice.I-CUBE-FS-RTOS.1.0.1
2026-01-28 15:03:27,136 [WARN] PackLoader:240 - Cannot read IP mode file for STMicroelectronics.X-CUBE-WB05N.2.0.0
2026-01-28 15:03:27,148 [WARN] PackLoader:240 - Cannot read IP mode file for STMicroelectronics.X-CUBE-TCPP.4.2.0
2026-01-28 15:03:27,158 [WARN] PackLoader:240 - Cannot read IP mode file for RealThread.X-CUBE-RT-Thread_Nano.4.1.1
2026-01-28 15:03:27,165 [WARN] PackLoader:240 - Cannot read IP mode file for STMicroelectronics.FP-ATR-SIGFOX1.3.2.0
2026-01-28 15:03:27,172 [WARN] ConditionMgr:438 - getConditionDescription Invalid condition id : Cortex-A Device cause : null
2026-01-28 15:03:27,187 [WARN] ConditionMgr:1044 - genDependencies : Invalid condition id : Cortex-A Device cause : null
2026-01-28 15:03:27,187 [WARN] ConditionMgr:1044 - genDependencies : Invalid condition id : Cortex-A Device cause : null
2026-01-28 15:03:27,187 [WARN] ConditionMgr:1044 - genDependencies : Invalid condition id : Cortex-A Device cause : null
2026-01-28 15:03:27,192 [WARN] PackLoader:240 - Cannot read IP mode file for STMicroelectronics.X-CUBE-EEPRMA1.5.1.0
2026-01-28 15:03:27,199 [WARN] PackLoader:240 - Cannot read IP mode file for wolfSSL.I-CUBE-wolfSSL.5.7.4
2026-01-28 15:03:27,206 [WARN] PackLoader:240 - Cannot read IP mode file for ITTIA_DB.I-CUBE-ITTIADB.8.9.0
2026-01-28 15:03:27,217 [WARN] PackLoader:240 - Cannot read IP mode file for STMicroelectronics.X-CUBE-ST67W61.1.0.0
2026-01-28 15:03:27,222 [WARN] PackLoader:240 - Cannot read IP mode file for STMicroelectronics.X-CUBE-AI.10.2.0
2026-01-28 15:03:27,262 [WARN] PackLoader:240 - Cannot read IP mode file for SEGGER.I-CUBE-embOS.1.3.1
2026-01-28 15:03:27,321 [WARN] PackLoader:240 - Cannot read IP mode file for STMicroelectronics.X-CUBE-ALGOBUILD.1.4.0
2026-01-28 15:03:27,387 [WARN] PackLoader:240 - Cannot read IP mode file for STMicroelectronics.X-CUBE-MEMS1.11.3.0
2026-01-28 15:03:27,531 [WARN] PackLoader:240 - Cannot read IP mode file for STMicroelectronics.X-CUBE-AI.9.1.0
2026-01-28 15:03:27,537 [WARN] PackLoader:240 - Cannot read IP mode file for STMicroelectronics.X-CUBE-PM33A1.1.0.0
2026-01-28 15:03:27,550 [WARN] PackLoader:240 - Cannot read IP mode file for STMicroelectronics.X-CUBE-AZRTOS-F4.1.1.0
2026-01-28 15:03:27,556 [WARN] PackLoader:240 - Cannot read IP mode file for Avnet-IotConnect.X-CUBE-IoTC-DA16k-PMOD.1.0.0
2026-01-28 15:03:27,560 [WARN] PackLoader:240 - Cannot read IP mode file for STMicroelectronics.X-CUBE-ISPU.2.1.0
2026-01-28 15:03:27,566 [ERROR] Engine:466 - C:\Users\ADMIN\.stm32cubemx\thirdparties\pdsc\STMicroelectronics.X-CUBE-IPS.3.2.0.pdsc: PDSC version is not supported
2026-01-28 15:03:27,570 [WARN] PackLoader:240 - Cannot read IP mode file for STMicroelectronics.X-CUBE-FREERTOS.1.2.0
2026-01-28 15:03:27,579 [WARN] PackLoader:240 - Cannot read IP mode file for STMicroelectronics.X-CUBE-NFC12.1.0.0
2026-01-28 15:03:27,602 [WARN] PackLoader:240 - Cannot read IP mode file for STMicroelectronics.X-CUBE-AZRTOS-L5.2.0.0
2026-01-28 15:03:27,614 [WARN] PackLoader:240 - Cannot read IP mode file for STMicroelectronics.X-CUBE-NFC6.3.1.0
2026-01-28 15:03:27,626 [WARN] PackLoader:240 - Cannot read IP mode file for STMicroelectronics.X-CUBE-DPower.1.2.0
2026-01-28 15:03:27,635 [WARN] PackLoader:240 - Cannot read IP mode file for STMicroelectronics.X-CUBE-FREERTOS.1.3.1
2026-01-28 15:03:27,650 [WARN] PackLoader:240 - Cannot read IP mode file for STMicroelectronics.X-CUBE-FREERTOS.1.3.0
2026-01-28 15:03:27,659 [WARN] PackLoader:240 - Cannot read IP mode file for STMicroelectronics.X-CUBE-NFC7.1.0.1
2026-01-28 15:03:27,671 [WARN] PackLoader:240 - Cannot read IP mode file for STMicroelectronics.X-CUBE-TOUCHGFX.4.26.0
2026-01-28 15:03:27,681 [WARN] PackLoader:240 - Cannot read IP mode file for STMicroelectronics.FP-SNS-STAIOTCFT.1.0.0
2026-01-28 15:03:27,689 [WARN] PackLoader:240 - Cannot read IP mode file for STMicroelectronics.X-CUBE-DPower.1.3.0
2026-01-28 15:03:27,717 [WARN] ConditionMgr:438 - getConditionDescription Invalid condition id : LAN8742 Phy interface Condition cause : null
2026-01-28 15:03:27,718 [WARN] PackLoader:240 - Cannot read IP mode file for STMicroelectronics.X-CUBE-AZRTOS-L4.2.0.0
2026-01-28 15:03:27,720 [WARN] ConditionMgr:1044 - genDependencies : Invalid condition id : LAN8742 Phy interface Condition cause : null
2026-01-28 15:03:27,720 [WARN] ConditionMgr:1044 - genDependencies : Invalid condition id : LAN8742 Phy interface Condition cause : null
2026-01-28 15:03:27,721 [WARN] ConditionMgr:1044 - genDependencies : Invalid condition id : LAN8742 Phy interface Condition cause : null
2026-01-28 15:03:27,733 [WARN] PackLoader:240 - Cannot read IP mode file for STMicroelectronics.X-CUBE-SFXS2LP1.4.0.0
2026-01-28 15:03:27,740 [ERROR] Engine:466 - C:\Users\ADMIN\.stm32cubemx\thirdparties\pdsc\STMicroelectronics.X-CUBE-ST67W61.1.2.0.pdsc: PDSC version is not supported
2026-01-28 15:03:27,759 [WARN] PackLoader:240 - Cannot read IP mode file for STMicroelectronics.X-CUBE-AZRTOS-H7.3.3.0
2026-01-28 15:03:27,770 [WARN] PackLoader:240 - Cannot read IP mode file for STMicroelectronics.X-CUBE-BLEMGR.4.1.0
2026-01-28 15:03:27,784 [WARN] PackLoader:240 - Cannot read IP mode file for STMicroelectronics.X-CUBE-IPS.3.0.0
2026-01-28 15:03:27,798 [WARN] ConditionMgr:438 - getConditionDescription Invalid condition id : UX DEVICE CLASS RTOS Condition cause : null
2026-01-28 15:03:27,798 [WARN] ConditionMgr:438 - getConditionDescription Invalid condition id : UX DEVICE CLASS RTOS Condition cause : null
2026-01-28 15:03:27,799 [WARN] PackLoader:240 - Cannot read IP mode file for STMicroelectronics.X-CUBE-AZRTOS-WB.2.0.0
2026-01-28 15:03:27,799 [WARN] ConditionMgr:1044 - genDependencies : Invalid condition id : UX DEVICE CLASS RTOS Condition cause : null
2026-01-28 15:03:27,800 [WARN] ConditionMgr:1044 - genDependencies : Invalid condition id : UX DEVICE CLASS RTOS Condition cause : null
2026-01-28 15:03:27,800 [WARN] ConditionMgr:1044 - genDependencies : Invalid condition id : UX DEVICE CLASS RTOS Condition cause : null
2026-01-28 15:03:27,800 [WARN] ConditionMgr:1044 - genDependencies : Invalid condition id : UX DEVICE CLASS RTOS Condition cause : null
2026-01-28 15:03:27,801 [WARN] ConditionMgr:1044 - genDependencies : Invalid condition id : UX DEVICE CLASS RTOS Condition cause : null
2026-01-28 15:03:27,808 [WARN] PackLoader:240 - Cannot read IP mode file for STMicroelectronics.X-CUBE-GNSS1.7.0.0
2026-01-28 15:03:27,813 [WARN] PackLoader:240 - Cannot read IP mode file for STMicroelectronics.X-CUBE-GNSS1.7.0.1
2026-01-28 15:03:27,819 [WARN] PackLoader:240 - Cannot read IP mode file for STMicroelectronics.X-CUBE-TOUCHGFX.4.25.0
2026-01-28 15:03:27,826 [WARN] PackLoader:240 - Cannot read IP mode file for STMicroelectronics.FP-SNS-STBOX1.2.0.0
2026-01-28 15:03:27,836 [WARN] PackLoader:240 - Cannot read IP mode file for STMicroelectronics.X-CUBE-SUBG2.5.0.0
2026-01-28 15:03:27,855 [WARN] PackLoader:240 - Cannot read IP mode file for STMicroelectronics.X-CUBE-AZRTOS-H7RS.1.1.0
2026-01-28 15:03:27,863 [WARN] PackLoader:240 - Cannot read IP mode file for Cesanta.I-CUBE-Mongoose.7.13.0
2026-01-28 15:03:27,884 [WARN] PackLoader:240 - Cannot read IP mode file for STMicroelectronics.X-CUBE-AZRTOS-G4.2.0.0
2026-01-28 15:03:27,894 [WARN] PackLoader:240 - Cannot read IP mode file for STMicroelectronics.X-CUBE-NFC7.2.0.0
2026-01-28 15:03:27,911 [WARN] PackLoader:240 - Cannot read IP mode file for STMicroelectronics.X-CUBE-IPS.3.1.0
2026-01-28 15:03:27,921 [WARN] PackLoader:240 - Cannot read IP mode file for STMicroelectronics.X-CUBE-ALS.1.0.2
2026-01-28 15:03:27,925 [WARN] PackLoader:240 - Cannot read IP mode file for STMicroelectronics.X-CUBE-TOUCHGFX.4.24.2
2026-01-28 15:03:27,928 [WARN] PackLoader:240 - Cannot read IP mode file for STMicroelectronics.X-CUBE-TOUCHGFX.4.24.1
2026-01-28 15:03:27,937 [WARN] PackLoader:240 - Cannot read IP mode file for STMicroelectronics.X-CUBE-STSE01.1.0.0
2026-01-28 15:03:27,942 [WARN] PackLoader:240 - Cannot read IP mode file for wolfSSL.I-CUBE-wolfTPM.3.4.0
2026-01-28 15:03:27,948 [WARN] PackLoader:240 - Cannot read IP mode file for portGmbH.I-Cube-SoM-uGOAL.1.1.0
2026-01-28 15:03:27,963 [WARN] PackLoader:240 - Cannot read IP mode file for STMicroelectronics.X-CUBE-AZRTOS-H7RS.1.0.0
2026-01-28 15:03:27,969 [WARN] PackLoader:240 - Cannot read IP mode file for STMicroelectronics.FP-ATR-ASTRA1.2.0.0
2026-01-28 15:03:27,977 [WARN] PackLoader:240 - Cannot read IP mode file for STMicroelectronics.X-CUBE-TOF1.3.4.2
2026-01-28 15:03:27,989 [WARN] PackLoader:240 - Cannot read IP mode file for STMicroelectronics.X-CUBE-TOF1.3.4.3
2026-01-28 15:03:28,012 [WARN] PackLoader:240 - Cannot read IP mode file for Infineon.AIROC-Wi-Fi-Bluetooth-STM32.1.6.1
2026-01-28 15:03:28,019 [WARN] PackLoader:240 - Cannot read IP mode file for wolfSSL.I-CUBE-wolfSSH.1.4.17
2026-01-28 15:03:28,020 [INFO] ThirdParty:978 - Integrity check success = true
2026-01-28 15:03:28,020 [INFO] IntegrityCheckThread:100 - exiting critical section [integrity check]
2026-01-28 15:03:28,020 [INFO] IntegrityCheckThread:103 - End integrity checks thread
2026-01-28 15:06:19,512 [ERROR] LogOutputStream:75 - [STDERR_REDIRECT] 
